# JRE version: OpenJDK Runtime Environment (8.0_265-b01) (build 1.8.0_265-8u265-b01-0ubuntu2~18.04-b01)
# Java VM: OpenJDK 64-Bit Server VM (25.265-b01 mixed mode linux-amd64 compressed oops)
Heap:
 PSYoungGen      total 316416K, used 0K [0x00000000eb700000, 0x0000000100000000, 0x0000000100000000)
  eden space 299008K, 0% used [0x00000000eb700000,0x00000000eb700000,0x00000000fdb00000)
  from space 17408K, 0% used [0x00000000fef00000,0x00000000fef00000,0x0000000100000000)
  to   space 18944K, 0% used [0x00000000fdb00000,0x00000000fdb00000,0x00000000fed80000)
 ParOldGen       total 67072K, used 61977K [0x00000000c2400000, 0x00000000c6580000, 0x00000000eb700000)
  object space 67072K, 92% used [0x00000000c2400000,0x00000000c6086438,0x00000000c6580000)
 Metaspace       used 32169K, capacity 32686K, committed 38656K, reserved 1083392K
  class space    used 3430K, capacity 3607K, committed 4352K, reserved 1048576K
GC Heap History (10 events):
Event: 77.166 GC heap after
Heap after GC invocations=20 (full 1):
 PSYoungGen      total 278528K, used 11630K [0x00000000eb700000, 0x0000000100000000, 0x0000000100000000)
  eden space 265216K, 0% used [0x00000000eb700000,0x00000000eb700000,0x00000000fba00000)
  from space 13312K, 87% used [0x00000000fba00000,0x00000000fc55ba48,0x00000000fc700000)
  to   space 14848K, 0% used [0x00000000ff180000,0x00000000ff180000,0x0000000100000000)
 ParOldGen       total 35328K, used 28698K [0x00000000c2400000, 0x00000000c4680000, 0x00000000eb700000)
  object space 35328K, 81% used [0x00000000c2400000,0x00000000c4006b50,0x00000000c4680000)
 Metaspace       used 33220K, capacity 33748K, committed 34176K, reserved 1079296K
  class space    used 3715K, capacity 3888K, committed 3968K, reserved 1048576K
}
Event: 150.855 GC heap before
{Heap before GC invocations=21 (full 1):
 PSYoungGen      total 278528K, used 276846K [0x00000000eb700000, 0x0000000100000000, 0x0000000100000000)
  eden space 265216K, 100% used [0x00000000eb700000,0x00000000fba00000,0x00000000fba00000)
  from space 13312K, 87% used [0x00000000fba00000,0x00000000fc55ba48,0x00000000fc700000)
  to   space 14848K, 0% used [0x00000000ff180000,0x00000000ff180000,0x0000000100000000)
 ParOldGen       total 35328K, used 28698K [0x00000000c2400000, 0x00000000c4680000, 0x00000000eb700000)
  object space 35328K, 81% used [0x00000000c2400000,0x00000000c4006b50,0x00000000c4680000)
 Metaspace       used 34348K, capacity 34956K, committed 35328K, reserved 1081344K
  class space    used 3806K, capacity 3994K, committed 4096K, reserved 1048576K
Event: 163.842 GC heap after
Heap after GC invocations=21 (full 1):
 PSYoungGen      total 320000K, used 11995K [0x00000000eb700000, 0x0000000100000000, 0x0000000100000000)
  eden space 305152K, 0% used [0x00000000eb700000,0x00000000eb700000,0x00000000fe100000)
  from space 14848K, 80% used [0x00000000ff180000,0x00000000ffd36e48,0x0000000100000000)
  to   space 15872K, 0% used [0x00000000fe100000,0x00000000fe100000,0x00000000ff080000)
 ParOldGen       total 38912K, used 38400K [0x00000000c2400000, 0x00000000c4a00000, 0x00000000eb700000)
  object space 38912K, 98% used [0x00000000c2400000,0x00000000c4980360,0x00000000c4a00000)
 Metaspace       used 34348K, capacity 34956K, committed 35328K, reserved 1081344K
  class space    used 3806K, capacity 3994K, committed 4096K, reserved 1048576K
}
Event: 163.890 GC heap before
{Heap before GC invocations=22 (full 2):
 PSYoungGen      total 320000K, used 11995K [0x00000000eb700000, 0x0000000100000000, 0x0000000100000000)
  eden space 305152K, 0% used [0x00000000eb700000,0x00000000eb700000,0x00000000fe100000)
  from space 14848K, 80% used [0x00000000ff180000,0x00000000ffd36e48,0x0000000100000000)
  to   space 15872K, 0% used [0x00000000fe100000,0x00000000fe100000,0x00000000ff080000)
 ParOldGen       total 38912K, used 38400K [0x00000000c2400000, 0x00000000c4a00000, 0x00000000eb700000)
  object space 38912K, 98% used [0x00000000c2400000,0x00000000c4980360,0x00000000c4a00000)
 Metaspace       used 34348K, capacity 34956K, committed 35328K, reserved 1081344K
  class space    used 3806K, capacity 3994K, committed 4096K, reserved 1048576K
Event: 164.379 GC heap after
Heap after GC invocations=22 (full 2):
 PSYoungGen      total 320000K, used 8302K [0x00000000eb700000, 0x0000000100000000, 0x0000000100000000)
  eden space 305152K, 0% used [0x00000000eb700000,0x00000000eb700000,0x00000000fe100000)
  from space 14848K, 55% used [0x00000000ff180000,0x00000000ff99bac0,0x0000000100000000)
  to   space 15872K, 0% used [0x00000000fe100000,0x00000000fe100000,0x00000000ff080000)
 ParOldGen       total 67072K, used 38877K [0x00000000c2400000, 0x00000000c6580000, 0x00000000eb700000)
  object space 67072K, 57% used [0x00000000c2400000,0x00000000c49f7798,0x00000000c6580000)
 Metaspace       used 34296K, capacity 34872K, committed 35328K, reserved 1081344K
  class space    used 3798K, capacity 3980K, committed 4096K, reserved 1048576K
}
Event: 244.947 GC heap before
{Heap before GC invocations=23 (full 2):
 PSYoungGen      total 320000K, used 313454K [0x00000000eb700000, 0x0000000100000000, 0x0000000100000000)
  eden space 305152K, 100% used [0x00000000eb700000,0x00000000fe100000,0x00000000fe100000)
  from space 14848K, 55% used [0x00000000ff180000,0x00000000ff99bac0,0x0000000100000000)
  to   space 15872K, 0% used [0x00000000fe100000,0x00000000fe100000,0x00000000ff080000)
 ParOldGen       total 67072K, used 38877K [0x00000000c2400000, 0x00000000c6580000, 0x00000000eb700000)
  object space 67072K, 57% used [0x00000000c2400000,0x00000000c49f7798,0x00000000c6580000)
 Metaspace       used 35994K, capacity 36560K, committed 36992K, reserved 1081344K
  class space    used 3924K, capacity 4118K, committed 4224K, reserved 1048576K
Event: 247.513 GC heap after
Heap after GC invocations=23 (full 2):
 PSYoungGen      total 317952K, used 12472K [0x00000000eb700000, 0x0000000100000000, 0x0000000100000000)
  eden space 305152K, 0% used [0x00000000eb700000,0x00000000eb700000,0x00000000fe100000)
  from space 12800K, 97% used [0x00000000fe100000,0x00000000fed2e030,0x00000000fed80000)
  to   space 17408K, 0% used [0x00000000fef00000,0x00000000fef00000,0x0000000100000000)
 ParOldGen       total 67072K, used 46029K [0x00000000c2400000, 0x00000000c6580000, 0x00000000eb700000)
  object space 67072K, 68% used [0x00000000c2400000,0x00000000c50f3798,0x00000000c6580000)
 Metaspace       used 35994K, capacity 36560K, committed 36992K, reserved 1081344K
  class space    used 3924K, capacity 4118K, committed 4224K, reserved 1048576K
}
Event: 385.218 GC heap before
{Heap before GC invocations=24 (full 2):
 PSYoungGen      total 317952K, used 317624K [0x00000000eb700000, 0x0000000100000000, 0x0000000100000000)
  eden space 305152K, 100% used [0x00000000eb700000,0x00000000fe100000,0x00000000fe100000)
  from space 12800K, 97% used [0x00000000fe100000,0x00000000fed2e030,0x00000000fed80000)
  to   space 17408K, 0% used [0x00000000fef00000,0x00000000fef00000,0x0000000100000000)
 ParOldGen       total 67072K, used 46029K [0x00000000c2400000, 0x00000000c6580000, 0x00000000eb700000)
  object space 67072K, 68% used [0x00000000c2400000,0x00000000c50f3798,0x00000000c6580000)
 Metaspace       used 37584K, capacity 38208K, committed 38656K, reserved 1083392K
  class space    used 4056K, capacity 4266K, committed 4352K, reserved 1048576K
Event: 386.154 GC heap after
Heap after GC invocations=24 (full 2):
 PSYoungGen      total 316416K, used 14660K [0x00000000eb700000, 0x0000000100000000, 0x0000000100000000)
  eden space 299008K, 0% used [0x00000000eb700000,0x00000000eb700000,0x00000000fdb00000)
  from space 17408K, 84% used [0x00000000fef00000,0x00000000ffd51030,0x0000000100000000)
  to   space 18944K, 0% used [0x00000000fdb00000,0x00000000fdb00000,0x00000000fed80000)
 ParOldGen       total 67072K, used 56958K [0x00000000c2400000, 0x00000000c6580000, 0x00000000eb700000)
  object space 67072K, 84% used [0x00000000c2400000,0x00000000c5b9f8f8,0x00000000c6580000)
 Metaspace       used 37584K, capacity 38208K, committed 38656K, reserved 1083392K
  class space    used 4056K, capacity 4266K, committed 4352K, reserved 1048576K
}
Event: 386.210 GC heap before
{Heap before GC invocations=25 (full 3):
 PSYoungGen      total 316416K, used 14660K [0x00000000eb700000, 0x0000000100000000, 0x0000000100000000)
  eden space 299008K, 0% used [0x00000000eb700000,0x00000000eb700000,0x00000000fdb00000)
  from space 17408K, 84% used [0x00000000fef00000,0x00000000ffd51030,0x0000000100000000)
  to   space 18944K, 0% used [0x00000000fdb00000,0x00000000fdb00000,0x00000000fed80000)
 ParOldGen       total 67072K, used 56958K [0x00000000c2400000, 0x00000000c6580000, 0x00000000eb700000)
  object space 67072K, 84% used [0x00000000c2400000,0x00000000c5b9f8f8,0x00000000c6580000)
 Metaspace       used 37584K, capacity 38208K, committed 38656K, reserved 1083392K
  class space    used 4056K, capacity 4266K, committed 4352K, reserved 1048576K

