# JRE version: OpenJDK Runtime Environment (8.0_265-b01) (build 1.8.0_265-8u265-b01-0ubuntu2~18.04-b01)
# Java VM: OpenJDK 64-Bit Server VM (25.265-b01 mixed mode linux-amd64 compressed oops)
Heap:
 PSYoungGen      total 256512K, used 12535K [0x00000000eb700000, 0x00000000fc000000, 0x0000000100000000)
  eden space 243712K, 0% used [0x00000000eb700000,0x00000000eb700000,0x00000000fa500000)
  from space 12800K, 97% used [0x00000000fa500000,0x00000000fb13dfc8,0x00000000fb180000)
  to   space 9728K, 0% used [0x00000000fb180000,0x00000000fb180000,0x00000000fbb00000)
 ParOldGen       total 35840K, used 28391K [0x00000000c2400000, 0x00000000c4700000, 0x00000000eb700000)
  object space 35840K, 79% used [0x00000000c2400000,0x00000000c3fb9fe8,0x00000000c4700000)
 Metaspace       used 33100K, capacity 33620K, committed 33920K, reserved 1079296K
  class space    used 3715K, capacity 3888K, committed 3968K, reserved 1048576K
GC Heap History (10 events):
Event: 25.325 GC heap after
Heap after GC invocations=15 (full 1):
 PSYoungGen      total 138752K, used 0K [0x00000000eb700000, 0x00000000f4600000, 0x0000000100000000)
  eden space 131072K, 0% used [0x00000000eb700000,0x00000000eb700000,0x00000000f3700000)
  from space 7680K, 0% used [0x00000000f3e80000,0x00000000f3e80000,0x00000000f4600000)
  to   space 7680K, 0% used [0x00000000f3700000,0x00000000f3700000,0x00000000f3e80000)
 ParOldGen       total 35840K, used 12780K [0x00000000c2400000, 0x00000000c4700000, 0x00000000eb700000)
  object space 35840K, 35% used [0x00000000c2400000,0x00000000c307b248,0x00000000c4700000)
 Metaspace       used 20745K, capacity 21028K, committed 21296K, reserved 1069056K
  class space    used 2301K, capacity 2396K, committed 2432K, reserved 1048576K
}
Event: 28.544 GC heap before
{Heap before GC invocations=16 (full 1):
 PSYoungGen      total 138752K, used 131072K [0x00000000eb700000, 0x00000000f4600000, 0x0000000100000000)
  eden space 131072K, 100% used [0x00000000eb700000,0x00000000f3700000,0x00000000f3700000)
  from space 7680K, 0% used [0x00000000f3e80000,0x00000000f3e80000,0x00000000f4600000)
  to   space 7680K, 0% used [0x00000000f3700000,0x00000000f3700000,0x00000000f3e80000)
 ParOldGen       total 35840K, used 12780K [0x00000000c2400000, 0x00000000c4700000, 0x00000000eb700000)
  object space 35840K, 35% used [0x00000000c2400000,0x00000000c307b248,0x00000000c4700000)
 Metaspace       used 25085K, capacity 25386K, committed 25728K, reserved 1073152K
  class space    used 2841K, capacity 2909K, committed 2944K, reserved 1048576K
Event: 28.552 GC heap after
Heap after GC invocations=16 (full 1):
 PSYoungGen      total 138752K, used 3774K [0x00000000eb700000, 0x00000000f8280000, 0x0000000100000000)
  eden space 131072K, 0% used [0x00000000eb700000,0x00000000eb700000,0x00000000f3700000)
  from space 7680K, 49% used [0x00000000f3700000,0x00000000f3aaf810,0x00000000f3e80000)
  to   space 7168K, 0% used [0x00000000f7b80000,0x00000000f7b80000,0x00000000f8280000)
 ParOldGen       total 35840K, used 12788K [0x00000000c2400000, 0x00000000c4700000, 0x00000000eb700000)
  object space 35840K, 35% used [0x00000000c2400000,0x00000000c307d248,0x00000000c4700000)
 Metaspace       used 25085K, capacity 25386K, committed 25728K, reserved 1073152K
  class space    used 2841K, capacity 2909K, committed 2944K, reserved 1048576K
}
Event: 34.537 GC heap before
{Heap before GC invocations=17 (full 1):
 PSYoungGen      total 138752K, used 134846K [0x00000000eb700000, 0x00000000f8280000, 0x0000000100000000)
  eden space 131072K, 100% used [0x00000000eb700000,0x00000000f3700000,0x00000000f3700000)
  from space 7680K, 49% used [0x00000000f3700000,0x00000000f3aaf810,0x00000000f3e80000)
  to   space 7168K, 0% used [0x00000000f7b80000,0x00000000f7b80000,0x00000000f8280000)
 ParOldGen       total 35840K, used 12788K [0x00000000c2400000, 0x00000000c4700000, 0x00000000eb700000)
  object space 35840K, 35% used [0x00000000c2400000,0x00000000c307d248,0x00000000c4700000)
 Metaspace       used 26526K, capacity 26890K, committed 27264K, reserved 1073152K
  class space    used 3010K, capacity 3149K, committed 3200K, reserved 1048576K
Event: 34.553 GC heap after
Heap after GC invocations=17 (full 1):
 PSYoungGen      total 198144K, used 7136K [0x00000000eb700000, 0x00000000f8380000, 0x0000000100000000)
  eden space 190976K, 0% used [0x00000000eb700000,0x00000000eb700000,0x00000000f7180000)
  from space 7168K, 99% used [0x00000000f7b80000,0x00000000f8278030,0x00000000f8280000)
  to   space 9216K, 0% used [0x00000000f7180000,0x00000000f7180000,0x00000000f7a80000)
 ParOldGen       total 35840K, used 15725K [0x00000000c2400000, 0x00000000c4700000, 0x00000000eb700000)
  object space 35840K, 43% used [0x00000000c2400000,0x00000000c335b5d0,0x00000000c4700000)
 Metaspace       used 26526K, capacity 26890K, committed 27264K, reserved 1073152K
  class space    used 3010K, capacity 3149K, committed 3200K, reserved 1048576K
}
Event: 39.238 GC heap before
{Heap before GC invocations=18 (full 1):
 PSYoungGen      total 198144K, used 198112K [0x00000000eb700000, 0x00000000f8380000, 0x0000000100000000)
  eden space 190976K, 100% used [0x00000000eb700000,0x00000000f7180000,0x00000000f7180000)
  from space 7168K, 99% used [0x00000000f7b80000,0x00000000f8278030,0x00000000f8280000)
  to   space 9216K, 0% used [0x00000000f7180000,0x00000000f7180000,0x00000000f7a80000)
 ParOldGen       total 35840K, used 15725K [0x00000000c2400000, 0x00000000c4700000, 0x00000000eb700000)
  object space 35840K, 43% used [0x00000000c2400000,0x00000000c335b5d0,0x00000000c4700000)
 Metaspace       used 29717K, capacity 30100K, committed 30336K, reserved 1077248K
  class space    used 3321K, capacity 3444K, committed 3456K, reserved 1048576K
Event: 39.257 GC heap after
Heap after GC invocations=18 (full 1):
 PSYoungGen      total 200192K, used 6263K [0x00000000eb700000, 0x00000000fbb00000, 0x0000000100000000)
  eden space 190976K, 0% used [0x00000000eb700000,0x00000000eb700000,0x00000000f7180000)
  from space 9216K, 67% used [0x00000000f7180000,0x00000000f779dfc0,0x00000000f7a80000)
  to   space 9728K, 0% used [0x00000000fb180000,0x00000000fb180000,0x00000000fbb00000)
 ParOldGen       total 35840K, used 19413K [0x00000000c2400000, 0x00000000c4700000, 0x00000000eb700000)
  object space 35840K, 54% used [0x00000000c2400000,0x00000000c36f5620,0x00000000c4700000)
 Metaspace       used 29717K, capacity 30100K, committed 30336K, reserved 1077248K
  class space    used 3321K, capacity 3444K, committed 3456K, reserved 1048576K
}
Event: 46.987 GC heap before
{Heap before GC invocations=19 (full 1):
 PSYoungGen      total 200192K, used 197239K [0x00000000eb700000, 0x00000000fbb00000, 0x0000000100000000)
  eden space 190976K, 100% used [0x00000000eb700000,0x00000000f7180000,0x00000000f7180000)
  from space 9216K, 67% used [0x00000000f7180000,0x00000000f779dfc0,0x00000000f7a80000)
  to   space 9728K, 0% used [0x00000000fb180000,0x00000000fb180000,0x00000000fbb00000)
 ParOldGen       total 35840K, used 19413K [0x00000000c2400000, 0x00000000c4700000, 0x00000000eb700000)
  object space 35840K, 54% used [0x00000000c2400000,0x00000000c36f5620,0x00000000c4700000)
 Metaspace       used 31657K, capacity 32118K, committed 32512K, reserved 1077248K
  class space    used 3611K, capacity 3749K, committed 3840K, reserved 1048576K
Event: 47.051 GC heap after
Heap after GC invocations=19 (full 1):
 PSYoungGen      total 253440K, used 9696K [0x00000000eb700000, 0x00000000fc000000, 0x0000000100000000)
  eden space 243712K, 0% used [0x00000000eb700000,0x00000000eb700000,0x00000000fa500000)
  from space 9728K, 99% used [0x00000000fb180000,0x00000000fbaf83d8,0x00000000fbb00000)
  to   space 12800K, 0% used [0x00000000fa500000,0x00000000fa500000,0x00000000fb180000)
 ParOldGen       total 35840K, used 24467K [0x00000000c2400000, 0x00000000c4700000, 0x00000000eb700000)
  object space 35840K, 68% used [0x00000000c2400000,0x00000000c3be4fc8,0x00000000c4700000)
 Metaspace       used 31657K, capacity 32118K, committed 32512K, reserved 1077248K
  class space    used 3611K, capacity 3749K, committed 3840K, reserved 1048576K
}
Event: 57.959 GC heap before
{Heap before GC invocations=20 (full 1):
 PSYoungGen      total 253440K, used 253408K [0x00000000eb700000, 0x00000000fc000000, 0x0000000100000000)
  eden space 243712K, 100% used [0x00000000eb700000,0x00000000fa500000,0x00000000fa500000)
  from space 9728K, 99% used [0x00000000fb180000,0x00000000fbaf83d8,0x00000000fbb00000)
  to   space 12800K, 0% used [0x00000000fa500000,0x00000000fa500000,0x00000000fb180000)
 ParOldGen       total 35840K, used 24467K [0x00000000c2400000, 0x00000000c4700000, 0x00000000eb700000)
  object space 35840K, 68% used [0x00000000c2400000,0x00000000c3be4fc8,0x00000000c4700000)
 Metaspace       used 33100K, capacity 33620K, committed 33920K, reserved 1079296K
  class space    used 3715K, capacity 3888K, committed 3968K, reserved 1048576K

