# JRE version: OpenJDK Runtime Environment (8.0_265-b01) (build 1.8.0_265-8u265-b01-0ubuntu2~18.04-b01)
# Java VM: OpenJDK 64-Bit Server VM (25.265-b01 mixed mode linux-amd64 compressed oops)
Heap:
 PSYoungGen      total 251904K, used 11256K [0x00000000eb700000, 0x00000000fb880000, 0x0000000100000000)
  eden space 240640K, 0% used [0x00000000eb700000,0x00000000eb700000,0x00000000fa200000)
  from space 11264K, 99% used [0x00000000fa200000,0x00000000facfe330,0x00000000fad00000)
  to   space 9728K, 0% used [0x00000000fad00000,0x00000000fad00000,0x00000000fb680000)
 ParOldGen       total 36864K, used 27966K [0x00000000c2400000, 0x00000000c4800000, 0x00000000eb700000)
  object space 36864K, 75% used [0x00000000c2400000,0x00000000c3f4f910,0x00000000c4800000)
 Metaspace       used 33082K, capacity 33620K, committed 33920K, reserved 1079296K
  class space    used 3715K, capacity 3888K, committed 3968K, reserved 1048576K
GC Heap History (10 events):
Event: 17.786 GC heap after
Heap after GC invocations=15 (full 1):
 PSYoungGen      total 138752K, used 0K [0x00000000eb700000, 0x00000000f4600000, 0x0000000100000000)
  eden space 131072K, 0% used [0x00000000eb700000,0x00000000eb700000,0x00000000f3700000)
  from space 7680K, 0% used [0x00000000f3e80000,0x00000000f3e80000,0x00000000f4600000)
  to   space 7680K, 0% used [0x00000000f3700000,0x00000000f3700000,0x00000000f3e80000)
 ParOldGen       total 36864K, used 12756K [0x00000000c2400000, 0x00000000c4800000, 0x00000000eb700000)
  object space 36864K, 34% used [0x00000000c2400000,0x00000000c3075050,0x00000000c4800000)
 Metaspace       used 20711K, capacity 21028K, committed 21296K, reserved 1069056K
  class space    used 2301K, capacity 2396K, committed 2432K, reserved 1048576K
}
Event: 20.090 GC heap before
{Heap before GC invocations=16 (full 1):
 PSYoungGen      total 138752K, used 131072K [0x00000000eb700000, 0x00000000f4600000, 0x0000000100000000)
  eden space 131072K, 100% used [0x00000000eb700000,0x00000000f3700000,0x00000000f3700000)
  from space 7680K, 0% used [0x00000000f3e80000,0x00000000f3e80000,0x00000000f4600000)
  to   space 7680K, 0% used [0x00000000f3700000,0x00000000f3700000,0x00000000f3e80000)
 ParOldGen       total 36864K, used 12756K [0x00000000c2400000, 0x00000000c4800000, 0x00000000eb700000)
  object space 36864K, 34% used [0x00000000c2400000,0x00000000c3075050,0x00000000c4800000)
 Metaspace       used 25078K, capacity 25328K, committed 25472K, reserved 1071104K
  class space    used 2843K, capacity 2910K, committed 2944K, reserved 1048576K
Event: 20.103 GC heap after
Heap after GC invocations=16 (full 1):
 PSYoungGen      total 138752K, used 3723K [0x00000000eb700000, 0x00000000f7e00000, 0x0000000100000000)
  eden space 131072K, 0% used [0x00000000eb700000,0x00000000eb700000,0x00000000f3700000)
  from space 7680K, 48% used [0x00000000f3700000,0x00000000f3aa2fa0,0x00000000f3e80000)
  to   space 7168K, 0% used [0x00000000f7700000,0x00000000f7700000,0x00000000f7e00000)
 ParOldGen       total 36864K, used 12764K [0x00000000c2400000, 0x00000000c4800000, 0x00000000eb700000)
  object space 36864K, 34% used [0x00000000c2400000,0x00000000c3077050,0x00000000c4800000)
 Metaspace       used 25078K, capacity 25328K, committed 25472K, reserved 1071104K
  class space    used 2843K, capacity 2910K, committed 2944K, reserved 1048576K
}
Event: 22.243 GC heap before
{Heap before GC invocations=17 (full 1):
 PSYoungGen      total 138752K, used 134795K [0x00000000eb700000, 0x00000000f7e00000, 0x0000000100000000)
  eden space 131072K, 100% used [0x00000000eb700000,0x00000000f3700000,0x00000000f3700000)
  from space 7680K, 48% used [0x00000000f3700000,0x00000000f3aa2fa0,0x00000000f3e80000)
  to   space 7168K, 0% used [0x00000000f7700000,0x00000000f7700000,0x00000000f7e00000)
 ParOldGen       total 36864K, used 12764K [0x00000000c2400000, 0x00000000c4800000, 0x00000000eb700000)
  object space 36864K, 34% used [0x00000000c2400000,0x00000000c3077050,0x00000000c4800000)
 Metaspace       used 26499K, capacity 26890K, committed 27264K, reserved 1073152K
  class space    used 3010K, capacity 3149K, committed 3200K, reserved 1048576K
Event: 22.266 GC heap after
Heap after GC invocations=17 (full 1):
 PSYoungGen      total 194560K, used 7142K [0x00000000eb700000, 0x00000000f8180000, 0x0000000100000000)
  eden space 187392K, 0% used [0x00000000eb700000,0x00000000eb700000,0x00000000f6e00000)
  from space 7168K, 99% used [0x00000000f7700000,0x00000000f7df9b50,0x00000000f7e00000)
  to   space 9216K, 0% used [0x00000000f6e00000,0x00000000f6e00000,0x00000000f7700000)
 ParOldGen       total 36864K, used 15658K [0x00000000c2400000, 0x00000000c4800000, 0x00000000eb700000)
  object space 36864K, 42% used [0x00000000c2400000,0x00000000c334a928,0x00000000c4800000)
 Metaspace       used 26499K, capacity 26890K, committed 27264K, reserved 1073152K
  class space    used 3010K, capacity 3149K, committed 3200K, reserved 1048576K
}
Event: 23.631 GC heap before
{Heap before GC invocations=18 (full 1):
 PSYoungGen      total 194560K, used 194534K [0x00000000eb700000, 0x00000000f8180000, 0x0000000100000000)
  eden space 187392K, 100% used [0x00000000eb700000,0x00000000f6e00000,0x00000000f6e00000)
  from space 7168K, 99% used [0x00000000f7700000,0x00000000f7df9b50,0x00000000f7e00000)
  to   space 9216K, 0% used [0x00000000f6e00000,0x00000000f6e00000,0x00000000f7700000)
 ParOldGen       total 36864K, used 15658K [0x00000000c2400000, 0x00000000c4800000, 0x00000000eb700000)
  object space 36864K, 42% used [0x00000000c2400000,0x00000000c334a928,0x00000000c4800000)
 Metaspace       used 29607K, capacity 29972K, committed 30336K, reserved 1077248K
  class space    used 3307K, capacity 3444K, committed 3456K, reserved 1048576K
Event: 23.646 GC heap after
Heap after GC invocations=18 (full 1):
 PSYoungGen      total 196608K, used 6199K [0x00000000eb700000, 0x00000000fb680000, 0x0000000100000000)
  eden space 187392K, 0% used [0x00000000eb700000,0x00000000eb700000,0x00000000f6e00000)
  from space 9216K, 67% used [0x00000000f6e00000,0x00000000f740dfc0,0x00000000f7700000)
  to   space 9728K, 0% used [0x00000000fad00000,0x00000000fad00000,0x00000000fb680000)
 ParOldGen       total 36864K, used 19306K [0x00000000c2400000, 0x00000000c4800000, 0x00000000eb700000)
  object space 36864K, 52% used [0x00000000c2400000,0x00000000c36da958,0x00000000c4800000)
 Metaspace       used 29607K, capacity 29972K, committed 30336K, reserved 1077248K
  class space    used 3307K, capacity 3444K, committed 3456K, reserved 1048576K
}
Event: 26.994 GC heap before
{Heap before GC invocations=19 (full 1):
 PSYoungGen      total 196608K, used 193591K [0x00000000eb700000, 0x00000000fb680000, 0x0000000100000000)
  eden space 187392K, 100% used [0x00000000eb700000,0x00000000f6e00000,0x00000000f6e00000)
  from space 9216K, 67% used [0x00000000f6e00000,0x00000000f740dfc0,0x00000000f7700000)
  to   space 9728K, 0% used [0x00000000fad00000,0x00000000fad00000,0x00000000fb680000)
 ParOldGen       total 36864K, used 19306K [0x00000000c2400000, 0x00000000c4800000, 0x00000000eb700000)
  object space 36864K, 52% used [0x00000000c2400000,0x00000000c36da958,0x00000000c4800000)
 Metaspace       used 31623K, capacity 32054K, committed 32512K, reserved 1077248K
  class space    used 3612K, capacity 3749K, committed 3840K, reserved 1048576K
Event: 27.027 GC heap after
Heap after GC invocations=19 (full 1):
 PSYoungGen      total 250368K, used 9681K [0x00000000eb700000, 0x00000000fb880000, 0x0000000100000000)
  eden space 240640K, 0% used [0x00000000eb700000,0x00000000eb700000,0x00000000fa200000)
  from space 9728K, 99% used [0x00000000fad00000,0x00000000fb674650,0x00000000fb680000)
  to   space 11264K, 0% used [0x00000000fa200000,0x00000000fa200000,0x00000000fad00000)
 ParOldGen       total 36864K, used 24134K [0x00000000c2400000, 0x00000000c4800000, 0x00000000eb700000)
  object space 36864K, 65% used [0x00000000c2400000,0x00000000c3b91ba0,0x00000000c4800000)
 Metaspace       used 31623K, capacity 32054K, committed 32512K, reserved 1077248K
  class space    used 3612K, capacity 3749K, committed 3840K, reserved 1048576K
}
Event: 29.596 GC heap before
{Heap before GC invocations=20 (full 1):
 PSYoungGen      total 250368K, used 250321K [0x00000000eb700000, 0x00000000fb880000, 0x0000000100000000)
  eden space 240640K, 100% used [0x00000000eb700000,0x00000000fa200000,0x00000000fa200000)
  from space 9728K, 99% used [0x00000000fad00000,0x00000000fb674650,0x00000000fb680000)
  to   space 11264K, 0% used [0x00000000fa200000,0x00000000fa200000,0x00000000fad00000)
 ParOldGen       total 36864K, used 24134K [0x00000000c2400000, 0x00000000c4800000, 0x00000000eb700000)
  object space 36864K, 65% used [0x00000000c2400000,0x00000000c3b91ba0,0x00000000c4800000)
 Metaspace       used 33082K, capacity 33620K, committed 33920K, reserved 1079296K
  class space    used 3715K, capacity 3888K, committed 3968K, reserved 1048576K

