# JRE version: OpenJDK Runtime Environment (8.0_265-b01) (build 1.8.0_265-8u265-b01-0ubuntu2~18.04-b01)
# Java VM: OpenJDK 64-Bit Server VM (25.265-b01 mixed mode linux-amd64 compressed oops)
Heap:
 PSYoungGen      total 310784K, used 0K [0x00000000eb700000, 0x0000000100000000, 0x0000000100000000)
  eden space 294912K, 0% used [0x00000000eb700000,0x00000000eb700000,0x00000000fd700000)
  from space 15872K, 0% used [0x00000000fd700000,0x00000000fd700000,0x00000000fe680000)
  to   space 22528K, 0% used [0x00000000fea00000,0x00000000fea00000,0x0000000100000000)
 ParOldGen       total 70144K, used 69108K [0x00000000c2400000, 0x00000000c6880000, 0x00000000eb700000)
  object space 70144K, 98% used [0x00000000c2400000,0x00000000c677d2e0,0x00000000c6880000)
 Metaspace       used 33099K, capacity 33690K, committed 39552K, reserved 1085440K
  class space    used 3516K, capacity 3711K, committed 4480K, reserved 1048576K
GC Heap History (10 events):
Event: 51.172 GC heap after
Heap after GC invocations=21 (full 1):
 PSYoungGen      total 318464K, used 9612K [0x00000000eb700000, 0x0000000100000000, 0x0000000100000000)
  eden space 304128K, 0% used [0x00000000eb700000,0x00000000eb700000,0x00000000fe000000)
  from space 14336K, 67% used [0x00000000fee80000,0x00000000ff7e3210,0x00000000ffc80000)
  to   space 14848K, 0% used [0x00000000fe000000,0x00000000fe000000,0x00000000fee80000)
 ParOldGen       total 37888K, used 36876K [0x00000000c2400000, 0x00000000c4900000, 0x00000000eb700000)
  object space 37888K, 97% used [0x00000000c2400000,0x00000000c4803100,0x00000000c4900000)
 Metaspace       used 34719K, capacity 35230K, committed 35496K, reserved 1081344K
  class space    used 3864K, capacity 4067K, committed 4096K, reserved 1048576K
}
Event: 51.172 GC heap before
{Heap before GC invocations=22 (full 2):
 PSYoungGen      total 318464K, used 9612K [0x00000000eb700000, 0x0000000100000000, 0x0000000100000000)
  eden space 304128K, 0% used [0x00000000eb700000,0x00000000eb700000,0x00000000fe000000)
  from space 14336K, 67% used [0x00000000fee80000,0x00000000ff7e3210,0x00000000ffc80000)
  to   space 14848K, 0% used [0x00000000fe000000,0x00000000fe000000,0x00000000fee80000)
 ParOldGen       total 37888K, used 36876K [0x00000000c2400000, 0x00000000c4900000, 0x00000000eb700000)
  object space 37888K, 97% used [0x00000000c2400000,0x00000000c4803100,0x00000000c4900000)
 Metaspace       used 34719K, capacity 35230K, committed 35496K, reserved 1081344K
  class space    used 3864K, capacity 4067K, committed 4096K, reserved 1048576K
Event: 51.572 GC heap after
Heap after GC invocations=22 (full 2):
 PSYoungGen      total 318464K, used 5886K [0x00000000eb700000, 0x0000000100000000, 0x0000000100000000)
  eden space 304128K, 0% used [0x00000000eb700000,0x00000000eb700000,0x00000000fe000000)
  from space 14336K, 41% used [0x00000000fee80000,0x00000000ff43fb70,0x00000000ffc80000)
  to   space 14848K, 0% used [0x00000000fe000000,0x00000000fe000000,0x00000000fee80000)
 ParOldGen       total 70144K, used 37730K [0x00000000c2400000, 0x00000000c6880000, 0x00000000eb700000)
  object space 70144K, 53% used [0x00000000c2400000,0x00000000c48d8868,0x00000000c6880000)
 Metaspace       used 34663K, capacity 35140K, committed 35496K, reserved 1081344K
  class space    used 3856K, capacity 4052K, committed 4096K, reserved 1048576K
}
Event: 62.335 GC heap before
{Heap before GC invocations=23 (full 2):
 PSYoungGen      total 318464K, used 310014K [0x00000000eb700000, 0x0000000100000000, 0x0000000100000000)
  eden space 304128K, 100% used [0x00000000eb700000,0x00000000fe000000,0x00000000fe000000)
  from space 14336K, 41% used [0x00000000fee80000,0x00000000ff43fb70,0x00000000ffc80000)
  to   space 14848K, 0% used [0x00000000fe000000,0x00000000fe000000,0x00000000fee80000)
 ParOldGen       total 70144K, used 37730K [0x00000000c2400000, 0x00000000c6880000, 0x00000000eb700000)
  object space 70144K, 53% used [0x00000000c2400000,0x00000000c48d8868,0x00000000c6880000)
 Metaspace       used 36018K, capacity 36610K, committed 36992K, reserved 1081344K
  class space    used 3962K, capacity 4159K, committed 4224K, reserved 1048576K
Event: 62.549 GC heap after
Heap after GC invocations=23 (full 2):
 PSYoungGen      total 318976K, used 14844K [0x00000000eb700000, 0x0000000100000000, 0x0000000100000000)
  eden space 304128K, 0% used [0x00000000eb700000,0x00000000eb700000,0x00000000fe000000)
  from space 14848K, 99% used [0x00000000fe000000,0x00000000fee7f050,0x00000000fee80000)
  to   space 17920K, 0% used [0x00000000fee80000,0x00000000fee80000,0x0000000100000000)
 ParOldGen       total 70144K, used 42183K [0x00000000c2400000, 0x00000000c6880000, 0x00000000eb700000)
  object space 70144K, 60% used [0x00000000c2400000,0x00000000c4d31c60,0x00000000c6880000)
 Metaspace       used 36018K, capacity 36610K, committed 36992K, reserved 1081344K
  class space    used 3962K, capacity 4159K, committed 4224K, reserved 1048576K
}
Event: 119.348 GC heap before
{Heap before GC invocations=24 (full 2):
 PSYoungGen      total 318976K, used 318972K [0x00000000eb700000, 0x0000000100000000, 0x0000000100000000)
  eden space 304128K, 100% used [0x00000000eb700000,0x00000000fe000000,0x00000000fe000000)
  from space 14848K, 99% used [0x00000000fe000000,0x00000000fee7f050,0x00000000fee80000)
  to   space 17920K, 0% used [0x00000000fee80000,0x00000000fee80000,0x0000000100000000)
 ParOldGen       total 70144K, used 42183K [0x00000000c2400000, 0x00000000c6880000, 0x00000000eb700000)
  object space 70144K, 60% used [0x00000000c2400000,0x00000000c4d31c60,0x00000000c6880000)
 Metaspace       used 37260K, capacity 37882K, committed 38400K, reserved 1083392K
  class space    used 4052K, capacity 4265K, committed 4352K, reserved 1048576K
Event: 119.492 GC heap after
Heap after GC invocations=24 (full 2):
 PSYoungGen      total 312832K, used 16021K [0x00000000eb700000, 0x0000000100000000, 0x0000000100000000)
  eden space 294912K, 0% used [0x00000000eb700000,0x00000000eb700000,0x00000000fd700000)
  from space 17920K, 89% used [0x00000000fee80000,0x00000000ffe25778,0x0000000100000000)
  to   space 20992K, 0% used [0x00000000fd700000,0x00000000fd700000,0x00000000feb80000)
 ParOldGen       total 70144K, used 53792K [0x00000000c2400000, 0x00000000c6880000, 0x00000000eb700000)
  object space 70144K, 76% used [0x00000000c2400000,0x00000000c5888130,0x00000000c6880000)
 Metaspace       used 37260K, capacity 37882K, committed 38400K, reserved 1083392K
  class space    used 4052K, capacity 4265K, committed 4352K, reserved 1048576K
}
Event: 171.010 GC heap before
{Heap before GC invocations=25 (full 2):
 PSYoungGen      total 312832K, used 310933K [0x00000000eb700000, 0x0000000100000000, 0x0000000100000000)
  eden space 294912K, 100% used [0x00000000eb700000,0x00000000fd700000,0x00000000fd700000)
  from space 17920K, 89% used [0x00000000fee80000,0x00000000ffe25778,0x0000000100000000)
  to   space 20992K, 0% used [0x00000000fd700000,0x00000000fd700000,0x00000000feb80000)
 ParOldGen       total 70144K, used 53792K [0x00000000c2400000, 0x00000000c6880000, 0x00000000eb700000)
  object space 70144K, 76% used [0x00000000c2400000,0x00000000c5888130,0x00000000c6880000)
 Metaspace       used 38500K, capacity 39154K, committed 39552K, reserved 1085440K
  class space    used 4142K, capacity 4371K, committed 4480K, reserved 1048576K
Event: 171.308 GC heap after
Heap after GC invocations=25 (full 2):
 PSYoungGen      total 310784K, used 15609K [0x00000000eb700000, 0x0000000100000000, 0x0000000100000000)
  eden space 294912K, 0% used [0x00000000eb700000,0x00000000eb700000,0x00000000fd700000)
  from space 15872K, 98% used [0x00000000fd700000,0x00000000fe63e6c0,0x00000000fe680000)
  to   space 22528K, 0% used [0x00000000fea00000,0x00000000fea00000,0x0000000100000000)
 ParOldGen       total 70144K, used 65128K [0x00000000c2400000, 0x00000000c6880000, 0x00000000eb700000)
  object space 70144K, 92% used [0x00000000c2400000,0x00000000c639a130,0x00000000c6880000)
 Metaspace       used 38500K, capacity 39154K, committed 39552K, reserved 1085440K
  class space    used 4142K, capacity 4371K, committed 4480K, reserved 1048576K
}
Event: 171.309 GC heap before
{Heap before GC invocations=26 (full 3):
 PSYoungGen      total 310784K, used 15609K [0x00000000eb700000, 0x0000000100000000, 0x0000000100000000)
  eden space 294912K, 0% used [0x00000000eb700000,0x00000000eb700000,0x00000000fd700000)
  from space 15872K, 98% used [0x00000000fd700000,0x00000000fe63e6c0,0x00000000fe680000)
  to   space 22528K, 0% used [0x00000000fea00000,0x00000000fea00000,0x0000000100000000)
 ParOldGen       total 70144K, used 65128K [0x00000000c2400000, 0x00000000c6880000, 0x00000000eb700000)
  object space 70144K, 92% used [0x00000000c2400000,0x00000000c639a130,0x00000000c6880000)
 Metaspace       used 38500K, capacity 39154K, committed 39552K, reserved 1085440K
  class space    used 4142K, capacity 4371K, committed 4480K, reserved 1048576K

