<?xml version="1.0" encoding="UTF-8"?>
<testsuite name="hudson.LauncherTest" time="30.125" tests="4" errors="0" skipped="0" failures="1">
  <properties>
[...]
</properties>
  <testcase name="decoratedByPrefixMaintainsIsUnix" classname="hudson.LauncherTest" time="0"/>
  <testcase name="decorateByEnv" classname="hudson.LauncherTest" time="0.009"/>
  <testcase name="decoratedByEnvMaintainsIsUnix" classname="hudson.LauncherTest" time="0.008"/>
  <testcase name="remoteKill" classname="hudson.LauncherTest" time="30.108">
    <failure message="join finished promptly" type="java.lang.AssertionError">java.lang.AssertionError: join finished promptly
	at org.junit.Assert.fail(Assert.java:88)
	at org.junit.Assert.assertTrue(Assert.java:41)
	at hudson.LauncherTest.remoteKill(LauncherTest.java:65)
</failure>
    <system-out><![CDATA[Process leaked file descriptors. See http://wiki.jenkins-ci.org/display/JENKINS/Spawning+processes+from+build for more information
]]></system-out>
    <system-err><![CDATA[$ sh -c "echo $$$$ > /home/jhbu228/CS498/mp3/jenkins/core/target/junit32154249164963149/junit1588608313787022702.tmp; sleep 30"
Oct 27, 2020 3:15:09 AM hudson.Proc$LocalProc join
WARNING: Process leaked file descriptors. See http://wiki.jenkins-ci.org/display/JENKINS/Spawning+processes+from+build for more information
java.lang.Exception
	at hudson.Proc$LocalProc.join(Proc.java:329)
	at hudson.Proc$LocalProc.kill(Proc.java:372)
	at hudson.Launcher$RemoteLaunchCallable$1.kill(Launcher.java:1166)
	at sun.reflect.NativeMethodAccessorImpl.invoke0(Native Method)
	at sun.reflect.NativeMethodAccessorImpl.invoke(NativeMethodAccessorImpl.java:62)
	at sun.reflect.DelegatingMethodAccessorImpl.invoke(DelegatingMethodAccessorImpl.java:43)
	at java.lang.reflect.Method.invoke(Method.java:498)
	at hudson.remoting.RemoteInvocationHandler$RPCRequest.perform(RemoteInvocationHandler.java:326)
	at hudson.remoting.RemoteInvocationHandler$RPCRequest.call(RemoteInvocationHandler.java:301)
	at hudson.remoting.RemoteInvocationHandler$RPCRequest.call(RemoteInvocationHandler.java:260)
	at hudson.remoting.UserRequest.perform(UserRequest.java:121)
	at hudson.remoting.UserRequest.perform(UserRequest.java:49)
	at hudson.remoting.Request$2.run(Request.java:325)
	at hudson.remoting.InterceptingExecutorService$1.call(InterceptingExecutorService.java:68)
	at java.util.concurrent.FutureTask.run(FutureTask.java:266)
	at java.util.concurrent.ThreadPoolExecutor.runWorker(ThreadPoolExecutor.java:1149)
	at java.util.concurrent.ThreadPoolExecutor$Worker.run(ThreadPoolExecutor.java:624)
	at java.lang.Thread.run(Thread.java:748)

]]></system-err>
  </testcase>
</testsuite>